<?xml version="1.0" encoding="UTF-8"?>
<!-- Generated by org.testng.reporters.JUnitXMLReporter -->
<testsuite hostname="DESKTOP-JQ0LRFT" ignored="1" name="Default test(failed)" tests="1" failures="1" timestamp="2020-03-04T23:33:18 EST" time="13.597" errors="0">
  <testcase name="titleValidation" time="0.751" classname="allTest.HomePageTest">
    <failure type="java.lang.AssertionError" message="expected [Capital One Credit Cards, Bank, and Loans - Personal and Business] but found [Capital One]">
      <![CDATA[java.lang.AssertionError: expected [Capital One Credit Cards, Bank, and Loans - Personal and Business] but found [Capital One]
at allTest.HomePageTest.titleValidation(HomePageTest.java:23)
]]>
    </failure>
  </testcase> <!-- titleValidation -->
  <testcase name="creditCardValidation" time="0.0" classname="allTest.HomePageTest">
    <ignored/>
  </testcase> <!-- creditCardValidation -->
</testsuite> <!-- Default test(failed) -->
